<?xml version="1.0" encoding="UTF-8"?>
<testsuite xmlns:xsi="http://www.w3.org/2001/XMLSchema-instance" xsi:noNamespaceSchemaLocation="https://maven.apache.org/surefire/maven-surefire-plugin/xsd/surefire-test-report.xsd" version="3.0.2" name="com.veetu.vadagai.VeetuVadagaiApplicationTests" time="0.043" tests="1" errors="0" skipped="0" failures="0">
  <properties>
[...]
</properties>
  <testcase name="applicationClassExists" classname="com.veetu.vadagai.VeetuVadagaiApplicationTests" time="0.021"/>
</testsuite>